0 info it worked if it ends with ok
1 verbose cli [ '/usr/local/bin/node', '/usr/local/bin/npm', 'run', 'test' ]
2 info using npm@3.10.3
3 info using node@v6.7.0
4 verbose run-script [ 'pretest', 'test', 'posttest' ]
5 info lifecycle d3-voronoi-scatterplot@0.1.0~pretest: d3-voronoi-scatterplot@0.1.0
6 silly lifecycle d3-voronoi-scatterplot@0.1.0~pretest: no script for pretest, continuing
7 info lifecycle d3-voronoi-scatterplot@0.1.0~test: d3-voronoi-scatterplot@0.1.0
8 verbose lifecycle d3-voronoi-scatterplot@0.1.0~test: unsafe-perm in lifecycle true
9 verbose lifecycle d3-voronoi-scatterplot@0.1.0~test: PATH: /usr/local/lib/node_modules/npm/bin/node-gyp-bin:/Users/m/workspace/d3-voronoi-scatterplot/node_modules/.bin:/usr/local/bin:/Users/m/.rvm/gems/ruby-2.3.1/bin:/Users/m/.rvm/gems/ruby-2.3.1@global/bin:/Users/m/.rvm/rubies/ruby-2.3.1/bin:/Users/m/miniconda2/bin:/usr/local/bin:/usr/bin:/bin:/usr/sbin:/sbin:/usr/local/go/bin:/Users/m/.rvm/bin
10 verbose lifecycle d3-voronoi-scatterplot@0.1.0~test: CWD: /Users/m/workspace/d3-voronoi-scatterplot
11 silly lifecycle d3-voronoi-scatterplot@0.1.0~test: Args: [ '-c',
11 silly lifecycle   'rm -rf build && mkdir build && rollup -c --banner "$(preamble)" -- index.js && cp build/bundle.js ~/workspace/d3-voronoi-scatterplot-example-project/04/d3-voronoi-scatterplot.js && cp build/bundle.js ~/workspace/visualizations/residuals/vis/06/src/d3-voronoi-scatterplot.js && cp build/bundle.js ~/workspace/residuals-vis/src/d3-voronoi-scatterplot.js' ]
12 silly lifecycle d3-voronoi-scatterplot@0.1.0~test: Returned: code: 1  signal: null
13 info lifecycle d3-voronoi-scatterplot@0.1.0~test: Failed to exec test script
14 verbose stack Error: d3-voronoi-scatterplot@0.1.0 test: `rm -rf build && mkdir build && rollup -c --banner "$(preamble)" -- index.js && cp build/bundle.js ~/workspace/d3-voronoi-scatterplot-example-project/04/d3-voronoi-scatterplot.js && cp build/bundle.js ~/workspace/visualizations/residuals/vis/06/src/d3-voronoi-scatterplot.js && cp build/bundle.js ~/workspace/residuals-vis/src/d3-voronoi-scatterplot.js`
14 verbose stack Exit status 1
14 verbose stack     at EventEmitter.<anonymous> (/usr/local/lib/node_modules/npm/lib/utils/lifecycle.js:242:16)
14 verbose stack     at emitTwo (events.js:106:13)
14 verbose stack     at EventEmitter.emit (events.js:191:7)
14 verbose stack     at ChildProcess.<anonymous> (/usr/local/lib/node_modules/npm/lib/utils/spawn.js:40:14)
14 verbose stack     at emitTwo (events.js:106:13)
14 verbose stack     at ChildProcess.emit (events.js:191:7)
14 verbose stack     at maybeClose (internal/child_process.js:877:16)
14 verbose stack     at Process.ChildProcess._handle.onexit (internal/child_process.js:226:5)
15 verbose pkgid d3-voronoi-scatterplot@0.1.0
16 verbose cwd /Users/m/workspace/d3-voronoi-scatterplot/src
17 error Darwin 15.6.0
18 error argv "/usr/local/bin/node" "/usr/local/bin/npm" "run" "test"
19 error node v6.7.0
20 error npm  v3.10.3
21 error code ELIFECYCLE
22 error d3-voronoi-scatterplot@0.1.0 test: `rm -rf build && mkdir build && rollup -c --banner "$(preamble)" -- index.js && cp build/bundle.js ~/workspace/d3-voronoi-scatterplot-example-project/04/d3-voronoi-scatterplot.js && cp build/bundle.js ~/workspace/visualizations/residuals/vis/06/src/d3-voronoi-scatterplot.js && cp build/bundle.js ~/workspace/residuals-vis/src/d3-voronoi-scatterplot.js`
22 error Exit status 1
23 error Failed at the d3-voronoi-scatterplot@0.1.0 test script 'rm -rf build && mkdir build && rollup -c --banner "$(preamble)" -- index.js && cp build/bundle.js ~/workspace/d3-voronoi-scatterplot-example-project/04/d3-voronoi-scatterplot.js && cp build/bundle.js ~/workspace/visualizations/residuals/vis/06/src/d3-voronoi-scatterplot.js && cp build/bundle.js ~/workspace/residuals-vis/src/d3-voronoi-scatterplot.js'.
23 error Make sure you have the latest version of node.js and npm installed.
23 error If you do, this is most likely a problem with the d3-voronoi-scatterplot package,
23 error not with npm itself.
23 error Tell the author that this fails on your system:
23 error     rm -rf build && mkdir build && rollup -c --banner "$(preamble)" -- index.js && cp build/bundle.js ~/workspace/d3-voronoi-scatterplot-example-project/04/d3-voronoi-scatterplot.js && cp build/bundle.js ~/workspace/visualizations/residuals/vis/06/src/d3-voronoi-scatterplot.js && cp build/bundle.js ~/workspace/residuals-vis/src/d3-voronoi-scatterplot.js
23 error You can get information on how to open an issue for this project with:
23 error     npm bugs d3-voronoi-scatterplot
23 error Or if that isn't available, you can get their info via:
23 error     npm owner ls d3-voronoi-scatterplot
23 error There is likely additional logging output above.
24 verbose exit [ 1, true ]
